<?xml version="1.0" encoding="UTF-8"?>
<!-- Generated by org.testng.reporters.JUnitReportReporter -->
<testsuite skipped="0" hostname="DESKTOP-JEV6767" name="com.cvs.qa.testcases.ContactLensesPageTest" tests="11" failures="0" timestamp="18 Oct 2018 06:25:25 GMT" time="186.896" errors="0">
  <testcase name="veriyContactLensesPageTitleTest" time="9.707" classname="com.cvs.qa.testcases.ContactLensesPageTest"/>
  <testcase name="verifyDropDownMenuContactLensBrandsTest" time="11.587" classname="com.cvs.qa.testcases.ContactLensesPageTest"/>
  <testcase name="verifyAcuvueDefine30PKTest" time="14.026" classname="com.cvs.qa.testcases.ContactLensesPageTest"/>
  <testcase name="verifyAcuvueDefine90PKTest" time="11.474" classname="com.cvs.qa.testcases.ContactLensesPageTest"/>
  <testcase name="veriyAirOptixBrandTest" time="16.544" classname="com.cvs.qa.testcases.ContactLensesPageTest"/>
  <testcase name="veriyAirOptixBrandMouseHoverTest" time="9.191" classname="com.cvs.qa.testcases.ContactLensesPageTest"/>
  <testcase name="veriyAcuvueElementListTest" time="46.461" classname="com.cvs.qa.testcases.ContactLensesPageTest"/>
  <testcase name="veriyAirOptixAquaElementListTest" time="26.060" classname="com.cvs.qa.testcases.ContactLensesPageTest"/>
  <testcase name="veriyAirOptixBrandLabelClickTest" time="17.969" classname="com.cvs.qa.testcases.ContactLensesPageTest"/>
  <testcase name="veriyLensTypeTest" time="12.299" classname="com.cvs.qa.testcases.ContactLensesPageTest"/>
  <testcase name="veriyLensTypeElementListTest" time="11.578" classname="com.cvs.qa.testcases.ContactLensesPageTest"/>
</testsuite> <!-- com.cvs.qa.testcases.ContactLensesPageTest -->
