<?xml version="1.0" encoding="UTF-8"?>
<!-- Generated by org.testng.reporters.JUnitReportReporter -->
<testsuite skipped="1" hostname="DESKTOP-JEV6767" name="com.cvs.qa.testcases.RegistrationTest" tests="2" failures="0" timestamp="19 Feb 2019 08:21:29 GMT" time="22.592" errors="0">
  <testcase name="registerCustomer" time="22.592" classname="com.cvs.qa.testcases.RegistrationTest"/>
  <testcase name="registerMultipleCustomer" time="0.000" classname="com.cvs.qa.testcases.RegistrationTest">
    <skipped/>
  </testcase> <!-- registerMultipleCustomer -->
</testsuite> <!-- com.cvs.qa.testcases.RegistrationTest -->
