<?xml version="1.0" encoding="UTF-8"?>
<!-- Generated by org.testng.reporters.JUnitReportReporter -->
<testsuite skipped="6" hostname="DESKTOP-JEV6767" name="com.cvs.qa.testcases.LogInTest" tests="14" failures="0" timestamp="05 Nov 2018 03:28:44 GMT" time="263.202" errors="0">
  <testcase name="verifyLogInExcelData" time="11.525" classname="com.cvs.qa.testcases.LogInTest"/>
  <testcase name="verifyLogInExcelData" time="11.717" classname="com.cvs.qa.testcases.LogInTest"/>
  <testcase name="verifyLogInExcelData" time="14.857" classname="com.cvs.qa.testcases.LogInTest"/>
  <testcase name="verifyLogInTest" time="24.817" classname="com.cvs.qa.testcases.LogInTest">
    <skipped/>
  </testcase> <!-- verifyLogInTest -->
  <testcase name="verifyLogInTest" time="12.481" classname="com.cvs.qa.testcases.LogInTest"/>
  <testcase name="verifyTopPanelLogInTestExcelDataTest" time="10.675" classname="com.cvs.qa.testcases.LogInTest"/>
  <testcase name="verifyTopPanelLogInTestExcelDataTest" time="27.928" classname="com.cvs.qa.testcases.LogInTest">
    <skipped/>
  </testcase> <!-- verifyTopPanelLogInTestExcelDataTest -->
  <testcase name="verifyTopPanelLogInTestExcelDataTest" time="14.535" classname="com.cvs.qa.testcases.LogInTest"/>
  <testcase name="verifyTopPanelLogInTestExcelDataTest" time="14.859" classname="com.cvs.qa.testcases.LogInTest"/>
  <testcase name="verifyTopPanelLogInTestExcelDataTest" time="27.638" classname="com.cvs.qa.testcases.LogInTest">
    <skipped/>
  </testcase> <!-- verifyTopPanelLogInTestExcelDataTest -->
  <testcase name="verifyTopPanelLogInTestExcelDataTest" time="28.878" classname="com.cvs.qa.testcases.LogInTest">
    <skipped/>
  </testcase> <!-- verifyTopPanelLogInTestExcelDataTest -->
  <testcase name="verifyTopPanelLogInTest" time="25.535" classname="com.cvs.qa.testcases.LogInTest">
    <skipped/>
  </testcase> <!-- verifyTopPanelLogInTest -->
  <testcase name="verifyTopPanelLogInTest" time="10.296" classname="com.cvs.qa.testcases.LogInTest"/>
  <testcase name="verifyTopPanelLogInTest" time="27.461" classname="com.cvs.qa.testcases.LogInTest">
    <skipped/>
  </testcase> <!-- verifyTopPanelLogInTest -->
</testsuite> <!-- com.cvs.qa.testcases.LogInTest -->
