<?xml version="1.0" encoding="UTF-8"?>
<!-- Generated by org.testng.reporters.JUnitReportReporter -->
<testsuite skipped="0" hostname="DESKTOP-JEV6767" name="com.cvs.qa.testcases.ContactLensesPageTest" tests="11" failures="0" timestamp="13 Feb 2019 07:27:28 GMT" time="138.811" errors="0">
  <testcase name="veriyContactLensesPageTitleTest" time="7.719" classname="com.cvs.qa.testcases.ContactLensesPageTest"/>
  <testcase name="verifyDropDownMenuContactLensBrandsTest" time="7.650" classname="com.cvs.qa.testcases.ContactLensesPageTest"/>
  <testcase name="verifyAcuvueDefine30PKTest" time="13.870" classname="com.cvs.qa.testcases.ContactLensesPageTest"/>
  <testcase name="verifyAcuvueDefine90PKTest" time="10.804" classname="com.cvs.qa.testcases.ContactLensesPageTest"/>
  <testcase name="veriyAirOptixBrandTest" time="10.190" classname="com.cvs.qa.testcases.ContactLensesPageTest"/>
  <testcase name="veriyAirOptixBrandMouseHoverTest" time="8.206" classname="com.cvs.qa.testcases.ContactLensesPageTest"/>
  <testcase name="veriyAcuvueElementListTest" time="43.902" classname="com.cvs.qa.testcases.ContactLensesPageTest"/>
  <testcase name="veriyAirOptixAquaElementListTest" time="8.580" classname="com.cvs.qa.testcases.ContactLensesPageTest"/>
  <testcase name="veriyAirOptixBrandLabelClickTest" time="9.218" classname="com.cvs.qa.testcases.ContactLensesPageTest"/>
  <testcase name="veriyLensTypeTest" time="9.013" classname="com.cvs.qa.testcases.ContactLensesPageTest"/>
  <testcase name="veriyLensTypeElementListTest" time="9.659" classname="com.cvs.qa.testcases.ContactLensesPageTest"/>
</testsuite> <!-- com.cvs.qa.testcases.ContactLensesPageTest -->
