<?xml version="1.0" encoding="UTF-8"?>
<!-- Generated by org.testng.reporters.JUnitReportReporter -->
<testsuite skipped="0" hostname="DESKTOP-JEV6767" name="com.cvs.qa.testcases.LogInTest" tests="8" failures="0" timestamp="16 Oct 2018 06:50:04 GMT" time="98.694" errors="0">
  <testcase name="verifyLogInExcelData" time="11.937" classname="com.cvs.qa.testcases.LogInTest"/>
  <testcase name="verifyLogInExcelData" time="12.739" classname="com.cvs.qa.testcases.LogInTest"/>
  <testcase name="verifyLogInExcelData" time="13.717" classname="com.cvs.qa.testcases.LogInTest"/>
  <testcase name="verifyLogInTest" time="11.766" classname="com.cvs.qa.testcases.LogInTest"/>
  <testcase name="verifyTopPanelLogInTestExcelDataTest" time="11.376" classname="com.cvs.qa.testcases.LogInTest"/>
  <testcase name="verifyTopPanelLogInTestExcelDataTest" time="11.399" classname="com.cvs.qa.testcases.LogInTest"/>
  <testcase name="verifyTopPanelLogInTestExcelDataTest" time="13.322" classname="com.cvs.qa.testcases.LogInTest"/>
  <testcase name="verifyTopPanelLogInTest" time="12.438" classname="com.cvs.qa.testcases.LogInTest"/>
</testsuite> <!-- com.cvs.qa.testcases.LogInTest -->
