<?xml version="1.0" encoding="UTF-8"?>
<!-- Generated by org.testng.reporters.JUnitReportReporter -->
<testsuite skipped="0" hostname="DESKTOP-JEV6767" name="com.cvs.qa.testcases.RegistrationTest" tests="9" failures="0" timestamp="05 Jan 2019 06:37:14 GMT" time="193.091" errors="0">
  <testcase name="verifyRegistrationPageTitle" time="11.713" classname="com.cvs.qa.testcases.RegistrationTest"/>
  <testcase name="registerCustomer" time="26.340" classname="com.cvs.qa.testcases.RegistrationTest"/>
  <testcase name="registerMultipleCustomer" time="20.804" classname="com.cvs.qa.testcases.RegistrationTest"/>
  <testcase name="registerMultipleCustomer" time="21.776" classname="com.cvs.qa.testcases.RegistrationTest"/>
  <testcase name="registerMultipleCustomer" time="22.840" classname="com.cvs.qa.testcases.RegistrationTest"/>
  <testcase name="registerMultipleCustomer" time="22.285" classname="com.cvs.qa.testcases.RegistrationTest"/>
  <testcase name="registerMultipleCustomer" time="21.675" classname="com.cvs.qa.testcases.RegistrationTest"/>
  <testcase name="registerMultipleCustomer" time="23.426" classname="com.cvs.qa.testcases.RegistrationTest"/>
  <testcase name="registerMultipleCustomer" time="22.232" classname="com.cvs.qa.testcases.RegistrationTest"/>
</testsuite> <!-- com.cvs.qa.testcases.RegistrationTest -->
