<?xml version="1.0" encoding="UTF-8"?>
<!-- Generated by org.testng.reporters.JUnitReportReporter -->
<testsuite skipped="1" hostname="DESKTOP-JEV6767" name="com.cvs.qa.testcases.SignUp4DealTest" tests="3" failures="0" timestamp="07 Mar 2019 09:03:49 GMT" time="30.103" errors="0">
  <testcase name="verifyPageTitleTest" time="10.995" classname="com.cvs.qa.testcases.SignUp4DealTest"/>
  <testcase name="verifySignUp4DealsTest" time="19.108" classname="com.cvs.qa.testcases.SignUp4DealTest"/>
  <testcase name="verifySignU4DealsExcelDataTest" time="0.000" classname="com.cvs.qa.testcases.SignUp4DealTest">
    <skipped/>
  </testcase> <!-- verifySignU4DealsExcelDataTest -->
</testsuite> <!-- com.cvs.qa.testcases.SignUp4DealTest -->
