<?xml version="1.0" encoding="UTF-8"?>
<!-- Generated by org.testng.reporters.JUnitReportReporter -->
<testsuite skipped="0" hostname="DESKTOP-JEV6767" name="com.cvs.qa.testcases.MinuteClinicTest" tests="1" failures="0" timestamp="05 Jan 2019 04:51:00 GMT" time="20.821" errors="0">
  <testcase name="verifyClinicLocatorPageTitleTest" time="20.821" classname="com.cvs.qa.testcases.MinuteClinicTest"/>
</testsuite> <!-- com.cvs.qa.testcases.MinuteClinicTest -->
