<?xml version="1.0" encoding="UTF-8"?>
<!-- Generated by org.testng.reporters.JUnitReportReporter -->
<testsuite skipped="0" hostname="DESKTOP-JEV6767" name="com.cvs.qa.testcases.ShopPageTest" tests="5" failures="0" timestamp="18 Oct 2018 06:25:25 GMT" time="90.175" errors="0">
  <testcase name="verifyShopPageTitleTest" time="23.744" classname="com.cvs.qa.testcases.ShopPageTest"/>
  <testcase name="verifyShopPageLinkTest" time="9.911" classname="com.cvs.qa.testcases.ShopPageTest"/>
  <testcase name="verifyClickonShopAllCategoriesTest" time="18.762" classname="com.cvs.qa.testcases.ShopPageTest"/>
  <testcase name="verifyClickonVitaminLink" time="19.707" classname="com.cvs.qa.testcases.ShopPageTest"/>
  <testcase name="verifyAddCSLW2CartTest" time="18.051" classname="com.cvs.qa.testcases.ShopPageTest"/>
</testsuite> <!-- com.cvs.qa.testcases.ShopPageTest -->
