<?xml version="1.0" encoding="UTF-8"?>
<!-- Generated by org.testng.reporters.JUnitReportReporter -->
<testsuite skipped="0" hostname="DESKTOP-JEV6767" name="com.cvs.qa.testcases.ExtraCareTest" tests="3" failures="0" timestamp="25 Sep 2018 06:36:02 GMT" time="29.971" errors="0">
  <testcase name="verifyExtraCarePageTitleTest" time="8.168" classname="com.cvs.qa.testcases.ExtraCareTest"/>
  <testcase name="verifyExtraCareSignInTest" time="12.924" classname="com.cvs.qa.testcases.ExtraCareTest"/>
  <testcase name="verifyExtraCareShoppingCartTest" time="8.879" classname="com.cvs.qa.testcases.ExtraCareTest"/>
</testsuite> <!-- com.cvs.qa.testcases.ExtraCareTest -->
