<?xml version="1.0" encoding="UTF-8"?>
<!-- Generated by org.testng.reporters.JUnitReportReporter -->
<testsuite skipped="0" hostname="DESKTOP-JEV6767" name="com.cvs.qa.testcases.PharmacyTest" tests="1" failures="0" timestamp="16 Oct 2018 06:50:03 GMT" time="9.785" errors="0">
  <testcase name="verifyTransferingRX2CVS" time="9.785" classname="com.cvs.qa.testcases.PharmacyTest"/>
</testsuite> <!-- com.cvs.qa.testcases.PharmacyTest -->
