<?xml version="1.0" encoding="UTF-8"?>
<!-- Generated by org.testng.reporters.JUnitReportReporter -->
<testsuite skipped="0" hostname="DESKTOP-JEV6767" name="com.cvs.qa.testcases.PharmacyTest" tests="1" failures="0" timestamp="05 Nov 2018 03:28:44 GMT" time="12.217" errors="0">
  <testcase name="verifyTransferingRX2CVS" time="12.217" classname="com.cvs.qa.testcases.PharmacyTest"/>
</testsuite> <!-- com.cvs.qa.testcases.PharmacyTest -->
