<?xml version="1.0" encoding="UTF-8"?>
<!-- Generated by org.testng.reporters.JUnitReportReporter -->
<testsuite skipped="0" hostname="DESKTOP-JEV6767" name="com.cvs.qa.testcases.ShopPageTest" tests="5" failures="0" timestamp="07 Mar 2019 07:49:13 GMT" time="66.715" errors="0">
  <testcase name="verifyShopPageTitleTest" time="11.778" classname="com.cvs.qa.testcases.ShopPageTest"/>
  <testcase name="verifyShopPageLinkTest" time="11.007" classname="com.cvs.qa.testcases.ShopPageTest"/>
  <testcase name="verifyClickonShopAllCategoriesTest" time="14.692" classname="com.cvs.qa.testcases.ShopPageTest"/>
  <testcase name="verifyClickonVitaminLink" time="14.380" classname="com.cvs.qa.testcases.ShopPageTest"/>
  <testcase name="verifyAddCSLW2CartTest" time="14.858" classname="com.cvs.qa.testcases.ShopPageTest"/>
</testsuite> <!-- com.cvs.qa.testcases.ShopPageTest -->
