<?xml version="1.0" encoding="UTF-8"?>
<!-- Generated by org.testng.reporters.JUnitReportReporter -->
<testsuite skipped="0" hostname="DESKTOP-JEV6767" name="com.cvs.qa.testcases.ShopPageTest" tests="5" failures="0" timestamp="05 Jan 2019 05:47:36 GMT" time="70.676" errors="0">
  <testcase name="verifyShopPageTitleTest" time="12.216" classname="com.cvs.qa.testcases.ShopPageTest"/>
  <testcase name="verifyShopPageLinkTest" time="10.761" classname="com.cvs.qa.testcases.ShopPageTest"/>
  <testcase name="verifyClickonShopAllCategoriesTest" time="14.035" classname="com.cvs.qa.testcases.ShopPageTest"/>
  <testcase name="verifyClickonVitaminLink" time="13.603" classname="com.cvs.qa.testcases.ShopPageTest"/>
  <testcase name="verifyAddCSLW2CartTest" time="20.061" classname="com.cvs.qa.testcases.ShopPageTest"/>
</testsuite> <!-- com.cvs.qa.testcases.ShopPageTest -->
