<?xml version="1.0" encoding="UTF-8"?>
<!-- Generated by org.testng.reporters.JUnitReportReporter -->
<testsuite skipped="0" hostname="DESKTOP-JEV6767" name="com.cvs.qa.testcases.ShopPageTest" tests="5" failures="0" timestamp="05 Nov 2018 03:28:44 GMT" time="78.993" errors="0">
  <testcase name="verifyShopPageTitleTest" time="12.483" classname="com.cvs.qa.testcases.ShopPageTest"/>
  <testcase name="verifyShopPageLinkTest" time="23.104" classname="com.cvs.qa.testcases.ShopPageTest"/>
  <testcase name="verifyClickonShopAllCategoriesTest" time="13.972" classname="com.cvs.qa.testcases.ShopPageTest"/>
  <testcase name="verifyClickonVitaminLink" time="15.588" classname="com.cvs.qa.testcases.ShopPageTest"/>
  <testcase name="verifyAddCSLW2CartTest" time="13.846" classname="com.cvs.qa.testcases.ShopPageTest"/>
</testsuite> <!-- com.cvs.qa.testcases.ShopPageTest -->
