<?xml version="1.0" encoding="UTF-8"?>
<!-- Generated by org.testng.reporters.JUnitReportReporter -->
<testsuite skipped="0" hostname="DESKTOP-JEV6767" name="com.cvs.qa.testcases.MinuteClinicTest" tests="2" failures="0" timestamp="31 Jan 2019 08:39:25 GMT" time="38.798" errors="0">
  <testcase name="verifyZipCodeLocaterTest" time="18.049" classname="com.cvs.qa.testcases.MinuteClinicTest"/>
  <testcase name="verifyClinicLocatorPageTitleTest" time="20.749" classname="com.cvs.qa.testcases.MinuteClinicTest"/>
</testsuite> <!-- com.cvs.qa.testcases.MinuteClinicTest -->
