<?xml version="1.0" encoding="UTF-8"?>
<!-- Generated by org.testng.reporters.JUnitReportReporter -->
<testsuite skipped="0" hostname="DESKTOP-JEV6767" name="com.cvs.qa.testcases.SignUp4DealTest" tests="2" failures="0" timestamp="31 Jan 2019 07:45:03 GMT" time="35.353" errors="0">
  <testcase name="verifySignUp4DealsTest" time="17.248" classname="com.cvs.qa.testcases.SignUp4DealTest"/>
  <testcase name="verifySignU4DealsExcelDataTest" time="18.105" classname="com.cvs.qa.testcases.SignUp4DealTest"/>
</testsuite> <!-- com.cvs.qa.testcases.SignUp4DealTest -->
