<?xml version="1.0" encoding="UTF-8"?>
<!-- Generated by org.testng.reporters.JUnitReportReporter -->
<testsuite skipped="0" hostname="DESKTOP-JEV6767" name="com.cvs.qa.testcases.SignUp4DealTest" tests="9" failures="0" timestamp="05 Jan 2019 06:33:31 GMT" time="182.476" errors="0">
  <testcase name="verifyPageTitleTest" time="10.548" classname="com.cvs.qa.testcases.SignUp4DealTest"/>
  <testcase name="verifySignUp4DealsTest" time="21.951" classname="com.cvs.qa.testcases.SignUp4DealTest"/>
  <testcase name="verifySignU4DealsExcelDataTest" time="20.053" classname="com.cvs.qa.testcases.SignUp4DealTest"/>
  <testcase name="verifySignU4DealsExcelDataTest" time="21.218" classname="com.cvs.qa.testcases.SignUp4DealTest"/>
  <testcase name="verifySignU4DealsExcelDataTest" time="27.652" classname="com.cvs.qa.testcases.SignUp4DealTest"/>
  <testcase name="verifySignU4DealsExcelDataTest" time="19.675" classname="com.cvs.qa.testcases.SignUp4DealTest"/>
  <testcase name="verifySignU4DealsExcelDataTest" time="19.981" classname="com.cvs.qa.testcases.SignUp4DealTest"/>
  <testcase name="verifySignU4DealsExcelDataTest" time="18.679" classname="com.cvs.qa.testcases.SignUp4DealTest"/>
  <testcase name="verifySignU4DealsExcelDataTest" time="22.719" classname="com.cvs.qa.testcases.SignUp4DealTest"/>
</testsuite> <!-- com.cvs.qa.testcases.SignUp4DealTest -->
