<?xml version="1.0" encoding="UTF-8"?>
<!-- Generated by org.testng.reporters.JUnitReportReporter -->
<testsuite skipped="0" hostname="DESKTOP-JEV6767" name="com.cvs.qa.testcases.SignUp4DealTest" tests="9" failures="0" timestamp="18 Oct 2018 06:25:25 GMT" time="103.826" errors="0">
  <testcase name="verifyPageTitleTest" time="10.293" classname="com.cvs.qa.testcases.SignUp4DealTest"/>
  <testcase name="verifySignUp4DealsTest" time="12.123" classname="com.cvs.qa.testcases.SignUp4DealTest"/>
  <testcase name="verifySignU4DealsExcelDataTest" time="11.452" classname="com.cvs.qa.testcases.SignUp4DealTest"/>
  <testcase name="verifySignU4DealsExcelDataTest" time="11.678" classname="com.cvs.qa.testcases.SignUp4DealTest"/>
  <testcase name="verifySignU4DealsExcelDataTest" time="11.596" classname="com.cvs.qa.testcases.SignUp4DealTest"/>
  <testcase name="verifySignU4DealsExcelDataTest" time="11.905" classname="com.cvs.qa.testcases.SignUp4DealTest"/>
  <testcase name="verifySignU4DealsExcelDataTest" time="11.759" classname="com.cvs.qa.testcases.SignUp4DealTest"/>
  <testcase name="verifySignU4DealsExcelDataTest" time="11.710" classname="com.cvs.qa.testcases.SignUp4DealTest"/>
  <testcase name="verifySignU4DealsExcelDataTest" time="11.310" classname="com.cvs.qa.testcases.SignUp4DealTest"/>
</testsuite> <!-- com.cvs.qa.testcases.SignUp4DealTest -->
