<?xml version="1.0" encoding="UTF-8"?>
<!-- Generated by org.testng.reporters.JUnitReportReporter -->
<testsuite skipped="0" hostname="DESKTOP-JEV6767" name="com.cvs.qa.testcases.MinuteClinicTest" tests="3" failures="0" timestamp="16 Oct 2018 06:50:04 GMT" time="107.703" errors="0">
  <testcase name="verifyMinuteClinicPageTitleTest" time="31.771" classname="com.cvs.qa.testcases.MinuteClinicTest"/>
  <testcase name="verifyZipCodeLocaterTest" time="37.444" classname="com.cvs.qa.testcases.MinuteClinicTest"/>
  <testcase name="verifyClinicLocatorPageTitleTest" time="38.488" classname="com.cvs.qa.testcases.MinuteClinicTest"/>
</testsuite> <!-- com.cvs.qa.testcases.MinuteClinicTest -->
