<?xml version="1.0" encoding="UTF-8"?>
<!-- Generated by org.testng.reporters.JUnitReportReporter -->
<testsuite skipped="0" hostname="DESKTOP-JEV6767" name="com.cvs.qa.testcases.LogInTest" tests="8" failures="0" timestamp="05 Jan 2019 04:17:15 GMT" time="73.270" errors="0">
  <testcase name="verifyLogInExcelData" time="10.609" classname="com.cvs.qa.testcases.LogInTest"/>
  <testcase name="verifyLogInExcelData" time="8.979" classname="com.cvs.qa.testcases.LogInTest"/>
  <testcase name="verifyLogInExcelData" time="9.080" classname="com.cvs.qa.testcases.LogInTest"/>
  <testcase name="verifyLogInTest" time="8.779" classname="com.cvs.qa.testcases.LogInTest"/>
  <testcase name="verifyTopPanelLogInTestExcelDataTest" time="8.806" classname="com.cvs.qa.testcases.LogInTest"/>
  <testcase name="verifyTopPanelLogInTestExcelDataTest" time="9.193" classname="com.cvs.qa.testcases.LogInTest"/>
  <testcase name="verifyTopPanelLogInTestExcelDataTest" time="8.922" classname="com.cvs.qa.testcases.LogInTest"/>
  <testcase name="verifyTopPanelLogInTest" time="8.902" classname="com.cvs.qa.testcases.LogInTest"/>
</testsuite> <!-- com.cvs.qa.testcases.LogInTest -->
