<?xml version="1.0" encoding="UTF-8"?>
<!-- Generated by org.testng.reporters.JUnitReportReporter -->
<testsuite skipped="0" hostname="DESKTOP-JEV6767" name="com.cvs.qa.testcases.ExtraCareTest" tests="3" failures="0" timestamp="05 Nov 2018 03:28:44 GMT" time="31.030" errors="0">
  <testcase name="verifyExtraCarePageTitleTest" time="10.106" classname="com.cvs.qa.testcases.ExtraCareTest"/>
  <testcase name="verifyExtraCareSignInTest" time="11.292" classname="com.cvs.qa.testcases.ExtraCareTest"/>
  <testcase name="verifyExtraCareShoppingCartTest" time="9.632" classname="com.cvs.qa.testcases.ExtraCareTest"/>
</testsuite> <!-- com.cvs.qa.testcases.ExtraCareTest -->
