<?xml version="1.0" encoding="UTF-8"?>
<!-- Generated by org.testng.reporters.JUnitReportReporter -->
<testsuite skipped="0" hostname="DESKTOP-JEV6767" name="com.cvs.qa.testcases.PharmacyTest" tests="1" failures="0" timestamp="11 Oct 2018 08:11:58 GMT" time="10.161" errors="0">
  <testcase name="verifyTransferingRX2CVS" time="10.161" classname="com.cvs.qa.testcases.PharmacyTest"/>
</testsuite> <!-- com.cvs.qa.testcases.PharmacyTest -->
