<?xml version="1.0" encoding="UTF-8"?>
<!-- Generated by org.testng.reporters.JUnitReportReporter -->
<testsuite skipped="0" hostname="DESKTOP-JEV6767" name="com.cvs.qa.testcases.PhotoPageTest" tests="2" failures="0" timestamp="05 Nov 2018 03:28:44 GMT" time="26.206" errors="0">
  <testcase name="verifyPhotoPageTitleTest" time="11.506" classname="com.cvs.qa.testcases.PhotoPageTest"/>
  <testcase name="verifyShopNowPicLinkTest" time="14.700" classname="com.cvs.qa.testcases.PhotoPageTest"/>
</testsuite> <!-- com.cvs.qa.testcases.PhotoPageTest -->
