<?xml version="1.0" encoding="UTF-8"?>
<!-- Generated by org.testng.reporters.JUnitReportReporter -->
<testsuite skipped="3" hostname="DESKTOP-JEV6767" name="com.cvs.qa.testcases.SignUp4DealTest" tests="12" failures="0" timestamp="13 Feb 2019 07:27:28 GMT" time="216.018" errors="0">
  <testcase name="verifyPageTitleTest" time="9.837" classname="com.cvs.qa.testcases.SignUp4DealTest"/>
  <testcase name="verifyPageTitleTest" time="7.496" classname="com.cvs.qa.testcases.SignUp4DealTest">
    <skipped/>
  </testcase> <!-- verifyPageTitleTest -->
  <testcase name="verifySignUp4DealsTest" time="16.973" classname="com.cvs.qa.testcases.SignUp4DealTest"/>
  <testcase name="verifySignU4DealsExcelDataTest" time="17.489" classname="com.cvs.qa.testcases.SignUp4DealTest"/>
  <testcase name="verifySignU4DealsExcelDataTest" time="16.714" classname="com.cvs.qa.testcases.SignUp4DealTest"/>
  <testcase name="verifySignU4DealsExcelDataTest" time="16.751" classname="com.cvs.qa.testcases.SignUp4DealTest"/>
  <testcase name="verifySignU4DealsExcelDataTest" time="16.832" classname="com.cvs.qa.testcases.SignUp4DealTest"/>
  <testcase name="verifySignU4DealsExcelDataTest" time="16.324" classname="com.cvs.qa.testcases.SignUp4DealTest"/>
  <testcase name="verifySignU4DealsExcelDataTest" time="32.181" classname="com.cvs.qa.testcases.SignUp4DealTest">
    <skipped/>
  </testcase> <!-- verifySignU4DealsExcelDataTest -->
  <testcase name="verifySignU4DealsExcelDataTest" time="16.843" classname="com.cvs.qa.testcases.SignUp4DealTest"/>
  <testcase name="verifySignU4DealsExcelDataTest" time="32.262" classname="com.cvs.qa.testcases.SignUp4DealTest">
    <skipped/>
  </testcase> <!-- verifySignU4DealsExcelDataTest -->
  <testcase name="verifySignU4DealsExcelDataTest" time="16.316" classname="com.cvs.qa.testcases.SignUp4DealTest"/>
</testsuite> <!-- com.cvs.qa.testcases.SignUp4DealTest -->
