<?xml version="1.0" encoding="UTF-8"?>
<!-- Generated by org.testng.reporters.JUnitReportReporter -->
<testsuite skipped="0" hostname="DESKTOP-JEV6767" name="com.cvs.qa.testcases.RegistrationTest" tests="9" failures="0" timestamp="18 Oct 2018 06:25:25 GMT" time="194.107" errors="0">
  <testcase name="verifyRegistrationPageTitle" time="9.802" classname="com.cvs.qa.testcases.RegistrationTest"/>
  <testcase name="registerCustomer" time="25.680" classname="com.cvs.qa.testcases.RegistrationTest"/>
  <testcase name="registerMultipleCustomer" time="22.231" classname="com.cvs.qa.testcases.RegistrationTest"/>
  <testcase name="registerMultipleCustomer" time="23.355" classname="com.cvs.qa.testcases.RegistrationTest"/>
  <testcase name="registerMultipleCustomer" time="22.074" classname="com.cvs.qa.testcases.RegistrationTest"/>
  <testcase name="registerMultipleCustomer" time="22.730" classname="com.cvs.qa.testcases.RegistrationTest"/>
  <testcase name="registerMultipleCustomer" time="22.955" classname="com.cvs.qa.testcases.RegistrationTest"/>
  <testcase name="registerMultipleCustomer" time="22.447" classname="com.cvs.qa.testcases.RegistrationTest"/>
  <testcase name="registerMultipleCustomer" time="22.833" classname="com.cvs.qa.testcases.RegistrationTest"/>
</testsuite> <!-- com.cvs.qa.testcases.RegistrationTest -->
