<?xml version="1.0" encoding="UTF-8"?>
<!-- Generated by org.testng.reporters.JUnitReportReporter -->
<testsuite skipped="0" hostname="DESKTOP-JEV6767" name="com.cvs.qa.testcases.RegistrationTest" tests="9" failures="0" timestamp="14 Oct 2018 02:18:28 GMT" time="174.054" errors="0">
  <testcase name="verifyRegistrationPageTitle" time="9.739" classname="com.cvs.qa.testcases.RegistrationTest"/>
  <testcase name="registerCustomer" time="22.390" classname="com.cvs.qa.testcases.RegistrationTest"/>
  <testcase name="registerMultipleCustomer" time="19.553" classname="com.cvs.qa.testcases.RegistrationTest"/>
  <testcase name="registerMultipleCustomer" time="23.686" classname="com.cvs.qa.testcases.RegistrationTest"/>
  <testcase name="registerMultipleCustomer" time="19.065" classname="com.cvs.qa.testcases.RegistrationTest"/>
  <testcase name="registerMultipleCustomer" time="19.163" classname="com.cvs.qa.testcases.RegistrationTest"/>
  <testcase name="registerMultipleCustomer" time="19.840" classname="com.cvs.qa.testcases.RegistrationTest"/>
  <testcase name="registerMultipleCustomer" time="21.017" classname="com.cvs.qa.testcases.RegistrationTest"/>
  <testcase name="registerMultipleCustomer" time="19.601" classname="com.cvs.qa.testcases.RegistrationTest"/>
</testsuite> <!-- com.cvs.qa.testcases.RegistrationTest -->
