<?xml version="1.0" encoding="UTF-8"?>
<!-- Generated by org.testng.reporters.JUnitReportReporter -->
<testsuite skipped="0" hostname="DESKTOP-JEV6767" name="com.cvs.qa.testcases.PhotoPageTest" tests="2" failures="0" timestamp="18 Oct 2018 06:25:25 GMT" time="26.420" errors="0">
  <testcase name="verifyPhotoPageTitleTest" time="12.253" classname="com.cvs.qa.testcases.PhotoPageTest"/>
  <testcase name="verifyShopNowPicLinkTest" time="14.167" classname="com.cvs.qa.testcases.PhotoPageTest"/>
</testsuite> <!-- com.cvs.qa.testcases.PhotoPageTest -->
