<?xml version="1.0" encoding="UTF-8"?>
<!-- Generated by org.testng.reporters.JUnitReportReporter -->
<testsuite skipped="0" hostname="DESKTOP-JEV6767" name="com.cvs.qa.testcases.RegistrationTest" tests="9" failures="0" timestamp="16 Oct 2018 06:50:03 GMT" time="178.011" errors="0">
  <testcase name="verifyRegistrationPageTitle" time="8.596" classname="com.cvs.qa.testcases.RegistrationTest"/>
  <testcase name="registerCustomer" time="23.248" classname="com.cvs.qa.testcases.RegistrationTest"/>
  <testcase name="registerMultipleCustomer" time="21.016" classname="com.cvs.qa.testcases.RegistrationTest"/>
  <testcase name="registerMultipleCustomer" time="20.909" classname="com.cvs.qa.testcases.RegistrationTest"/>
  <testcase name="registerMultipleCustomer" time="20.676" classname="com.cvs.qa.testcases.RegistrationTest"/>
  <testcase name="registerMultipleCustomer" time="23.036" classname="com.cvs.qa.testcases.RegistrationTest"/>
  <testcase name="registerMultipleCustomer" time="20.323" classname="com.cvs.qa.testcases.RegistrationTest"/>
  <testcase name="registerMultipleCustomer" time="19.912" classname="com.cvs.qa.testcases.RegistrationTest"/>
  <testcase name="registerMultipleCustomer" time="20.295" classname="com.cvs.qa.testcases.RegistrationTest"/>
</testsuite> <!-- com.cvs.qa.testcases.RegistrationTest -->
