<?xml version="1.0" encoding="UTF-8"?>
<!-- Generated by org.testng.reporters.JUnitReportReporter -->
<testsuite skipped="0" hostname="DESKTOP-JEV6767" name="com.cvs.qa.testcases.SignUp4DealTest" tests="9" failures="0" timestamp="20 Jan 2019 16:36:56 GMT" time="134.868" errors="0">
  <testcase name="verifyPageTitleTest" time="11.249" classname="com.cvs.qa.testcases.SignUp4DealTest"/>
  <testcase name="verifySignUp4DealsTest" time="15.639" classname="com.cvs.qa.testcases.SignUp4DealTest"/>
  <testcase name="verifySignU4DealsExcelDataTest" time="15.490" classname="com.cvs.qa.testcases.SignUp4DealTest"/>
  <testcase name="verifySignU4DealsExcelDataTest" time="15.431" classname="com.cvs.qa.testcases.SignUp4DealTest"/>
  <testcase name="verifySignU4DealsExcelDataTest" time="15.209" classname="com.cvs.qa.testcases.SignUp4DealTest"/>
  <testcase name="verifySignU4DealsExcelDataTest" time="15.613" classname="com.cvs.qa.testcases.SignUp4DealTest"/>
  <testcase name="verifySignU4DealsExcelDataTest" time="15.434" classname="com.cvs.qa.testcases.SignUp4DealTest"/>
  <testcase name="verifySignU4DealsExcelDataTest" time="15.175" classname="com.cvs.qa.testcases.SignUp4DealTest"/>
  <testcase name="verifySignU4DealsExcelDataTest" time="15.628" classname="com.cvs.qa.testcases.SignUp4DealTest"/>
</testsuite> <!-- com.cvs.qa.testcases.SignUp4DealTest -->
