<?xml version="1.0" encoding="UTF-8"?>
<!-- Generated by org.testng.reporters.JUnitReportReporter -->
<testsuite skipped="0" hostname="DESKTOP-JEV6767" name="com.cvs.qa.testcases.PhotoPageTest" tests="2" failures="0" timestamp="25 Sep 2018 06:32:51 GMT" time="24.314" errors="0">
  <testcase name="verifyPhotoPageTitleTest" time="11.218" classname="com.cvs.qa.testcases.PhotoPageTest"/>
  <testcase name="verifyShopNowPicLinkTest" time="13.096" classname="com.cvs.qa.testcases.PhotoPageTest"/>
</testsuite> <!-- com.cvs.qa.testcases.PhotoPageTest -->
