<?xml version="1.0" encoding="UTF-8"?>
<!-- Generated by org.testng.reporters.JUnitReportReporter -->
<testsuite skipped="0" hostname="DESKTOP-JEV6767" name="com.cvs.qa.testcases.ContactLensesPageTest" tests="11" failures="0" timestamp="04 Jan 2019 07:32:24 GMT" time="143.779" errors="0">
  <testcase name="veriyContactLensesPageTitleTest" time="8.136" classname="com.cvs.qa.testcases.ContactLensesPageTest"/>
  <testcase name="verifyDropDownMenuContactLensBrandsTest" time="8.138" classname="com.cvs.qa.testcases.ContactLensesPageTest"/>
  <testcase name="verifyAcuvueDefine30PKTest" time="13.170" classname="com.cvs.qa.testcases.ContactLensesPageTest"/>
  <testcase name="verifyAcuvueDefine90PKTest" time="11.410" classname="com.cvs.qa.testcases.ContactLensesPageTest"/>
  <testcase name="veriyAirOptixBrandTest" time="10.100" classname="com.cvs.qa.testcases.ContactLensesPageTest"/>
  <testcase name="veriyAirOptixBrandMouseHoverTest" time="8.682" classname="com.cvs.qa.testcases.ContactLensesPageTest"/>
  <testcase name="veriyAcuvueElementListTest" time="46.834" classname="com.cvs.qa.testcases.ContactLensesPageTest"/>
  <testcase name="veriyAirOptixAquaElementListTest" time="9.594" classname="com.cvs.qa.testcases.ContactLensesPageTest"/>
  <testcase name="veriyAirOptixBrandLabelClickTest" time="8.761" classname="com.cvs.qa.testcases.ContactLensesPageTest"/>
  <testcase name="veriyLensTypeTest" time="9.034" classname="com.cvs.qa.testcases.ContactLensesPageTest"/>
  <testcase name="veriyLensTypeElementListTest" time="9.920" classname="com.cvs.qa.testcases.ContactLensesPageTest"/>
</testsuite> <!-- com.cvs.qa.testcases.ContactLensesPageTest -->
