<?xml version="1.0" encoding="UTF-8"?>
<!-- Generated by org.testng.reporters.JUnitReportReporter -->
<testsuite skipped="0" hostname="DESKTOP-JEV6767" name="com.cvs.qa.testcases.PharmacyTest" tests="1" failures="0" timestamp="18 Oct 2018 06:25:25 GMT" time="12.447" errors="0">
  <testcase name="verifyTransferingRX2CVS" time="12.447" classname="com.cvs.qa.testcases.PharmacyTest"/>
</testsuite> <!-- com.cvs.qa.testcases.PharmacyTest -->
