<?xml version="1.0" encoding="UTF-8"?>
<!-- Generated by org.testng.reporters.JUnitReportReporter -->
<testsuite skipped="0" hostname="DESKTOP-JEV6767" name="com.cvs.qa.testcases.RegistrationTest" tests="9" failures="0" timestamp="07 Mar 2019 09:21:58 GMT" time="160.929" errors="0">
  <testcase name="verifyRegistrationPageTitle" time="7.719" classname="com.cvs.qa.testcases.RegistrationTest"/>
  <testcase name="registerCustomer" time="23.183" classname="com.cvs.qa.testcases.RegistrationTest"/>
  <testcase name="registerMultipleCustomer" time="18.340" classname="com.cvs.qa.testcases.RegistrationTest"/>
  <testcase name="registerMultipleCustomer" time="18.296" classname="com.cvs.qa.testcases.RegistrationTest"/>
  <testcase name="registerMultipleCustomer" time="18.361" classname="com.cvs.qa.testcases.RegistrationTest"/>
  <testcase name="registerMultipleCustomer" time="18.963" classname="com.cvs.qa.testcases.RegistrationTest"/>
  <testcase name="registerMultipleCustomer" time="17.888" classname="com.cvs.qa.testcases.RegistrationTest"/>
  <testcase name="registerMultipleCustomer" time="19.053" classname="com.cvs.qa.testcases.RegistrationTest"/>
  <testcase name="registerMultipleCustomer" time="19.126" classname="com.cvs.qa.testcases.RegistrationTest"/>
</testsuite> <!-- com.cvs.qa.testcases.RegistrationTest -->
