<?xml version="1.0" encoding="UTF-8"?>
<!-- Generated by org.testng.reporters.JUnitReportReporter -->
<testsuite skipped="4" hostname="DESKTOP-JEV6767" name="com.cvs.qa.testcases.RegistrationTest" tests="13" failures="0" timestamp="05 Nov 2018 03:28:44 GMT" time="455.579" errors="0">
  <testcase name="verifyRegistrationPageTitle" time="8.050" classname="com.cvs.qa.testcases.RegistrationTest"/>
  <testcase name="registerCustomer" time="24.682" classname="com.cvs.qa.testcases.RegistrationTest"/>
  <testcase name="registerCustomer" time="68.186" classname="com.cvs.qa.testcases.RegistrationTest">
    <skipped/>
  </testcase> <!-- registerCustomer -->
  <testcase name="registerMultipleCustomer" time="20.737" classname="com.cvs.qa.testcases.RegistrationTest"/>
  <testcase name="registerMultipleCustomer" time="22.606" classname="com.cvs.qa.testcases.RegistrationTest"/>
  <testcase name="registerMultipleCustomer" time="22.556" classname="com.cvs.qa.testcases.RegistrationTest"/>
  <testcase name="registerMultipleCustomer" time="66.058" classname="com.cvs.qa.testcases.RegistrationTest">
    <skipped/>
  </testcase> <!-- registerMultipleCustomer -->
  <testcase name="registerMultipleCustomer" time="21.269" classname="com.cvs.qa.testcases.RegistrationTest"/>
  <testcase name="registerMultipleCustomer" time="20.525" classname="com.cvs.qa.testcases.RegistrationTest"/>
  <testcase name="registerMultipleCustomer" time="23.228" classname="com.cvs.qa.testcases.RegistrationTest"/>
  <testcase name="registerMultipleCustomer" time="23.386" classname="com.cvs.qa.testcases.RegistrationTest"/>
  <testcase name="registerMultipleCustomer" time="65.901" classname="com.cvs.qa.testcases.RegistrationTest">
    <skipped/>
  </testcase> <!-- registerMultipleCustomer -->
  <testcase name="registerMultipleCustomer" time="68.395" classname="com.cvs.qa.testcases.RegistrationTest">
    <skipped/>
  </testcase> <!-- registerMultipleCustomer -->
</testsuite> <!-- com.cvs.qa.testcases.RegistrationTest -->
