<?xml version="1.0" encoding="UTF-8"?>
<!-- Generated by org.testng.reporters.JUnitReportReporter -->
<testsuite skipped="0" hostname="DESKTOP-JEV6767" name="com.cvs.qa.testcases.ExtraCareTest" tests="1" failures="0" timestamp="18 Oct 2018 07:49:52 GMT" time="13.751" errors="0">
  <testcase name="verifyExtraCareSignInTest" time="13.751" classname="com.cvs.qa.testcases.ExtraCareTest"/>
</testsuite> <!-- com.cvs.qa.testcases.ExtraCareTest -->
