<?xml version="1.0" encoding="UTF-8"?>
<!-- Generated by org.testng.reporters.JUnitReportReporter -->
<testsuite skipped="1" hostname="DESKTOP-JEV6767" name="com.cvs.qa.testcases.SignUp4DealTest" tests="2" failures="0" timestamp="19 Feb 2019 08:21:29 GMT" time="9.153" errors="0">
  <testcase name="verifyPageTitleTest" time="9.153" classname="com.cvs.qa.testcases.SignUp4DealTest"/>
  <testcase name="verifySignU4DealsExcelDataTest" time="0.000" classname="com.cvs.qa.testcases.SignUp4DealTest">
    <skipped/>
  </testcase> <!-- verifySignU4DealsExcelDataTest -->
</testsuite> <!-- com.cvs.qa.testcases.SignUp4DealTest -->
