<?xml version="1.0" encoding="UTF-8"?>
<!-- Generated by org.testng.reporters.JUnitReportReporter -->
<testsuite skipped="0" hostname="DESKTOP-JEV6767" name="com.cvs.qa.testcases.LogInTest" tests="8" failures="0" timestamp="11 Feb 2019 05:45:56 GMT" time="81.082" errors="0">
  <testcase name="verifyLogInExcelData" time="11.141" classname="com.cvs.qa.testcases.LogInTest"/>
  <testcase name="verifyLogInExcelData" time="9.069" classname="com.cvs.qa.testcases.LogInTest"/>
  <testcase name="verifyLogInExcelData" time="9.176" classname="com.cvs.qa.testcases.LogInTest"/>
  <testcase name="verifyLogInTest" time="10.582" classname="com.cvs.qa.testcases.LogInTest"/>
  <testcase name="verifyTopPanelLogInTestExcelDataTest" time="9.469" classname="com.cvs.qa.testcases.LogInTest"/>
  <testcase name="verifyTopPanelLogInTestExcelDataTest" time="9.639" classname="com.cvs.qa.testcases.LogInTest"/>
  <testcase name="verifyTopPanelLogInTestExcelDataTest" time="10.929" classname="com.cvs.qa.testcases.LogInTest"/>
  <testcase name="verifyTopPanelLogInTest" time="11.077" classname="com.cvs.qa.testcases.LogInTest"/>
</testsuite> <!-- com.cvs.qa.testcases.LogInTest -->
