<?xml version="1.0" encoding="UTF-8"?>
<!-- Generated by org.testng.reporters.JUnitReportReporter -->
<testsuite skipped="1" hostname="DESKTOP-JEV6767" name="com.cvs.qa.testcases.SignUp4DealTest" tests="10" failures="0" timestamp="05 Nov 2018 03:28:44 GMT" time="152.985" errors="0">
  <testcase name="verifyPageTitleTest" time="9.694" classname="com.cvs.qa.testcases.SignUp4DealTest"/>
  <testcase name="verifySignUp4DealsTest" time="14.269" classname="com.cvs.qa.testcases.SignUp4DealTest"/>
  <testcase name="verifySignU4DealsExcelDataTest" time="14.750" classname="com.cvs.qa.testcases.SignUp4DealTest"/>
  <testcase name="verifySignU4DealsExcelDataTest" time="14.948" classname="com.cvs.qa.testcases.SignUp4DealTest"/>
  <testcase name="verifySignU4DealsExcelDataTest" time="15.747" classname="com.cvs.qa.testcases.SignUp4DealTest"/>
  <testcase name="verifySignU4DealsExcelDataTest" time="13.509" classname="com.cvs.qa.testcases.SignUp4DealTest"/>
  <testcase name="verifySignU4DealsExcelDataTest" time="28.109" classname="com.cvs.qa.testcases.SignUp4DealTest">
    <skipped/>
  </testcase> <!-- verifySignU4DealsExcelDataTest -->
  <testcase name="verifySignU4DealsExcelDataTest" time="13.941" classname="com.cvs.qa.testcases.SignUp4DealTest"/>
  <testcase name="verifySignU4DealsExcelDataTest" time="13.222" classname="com.cvs.qa.testcases.SignUp4DealTest"/>
  <testcase name="verifySignU4DealsExcelDataTest" time="14.796" classname="com.cvs.qa.testcases.SignUp4DealTest"/>
</testsuite> <!-- com.cvs.qa.testcases.SignUp4DealTest -->
