<?xml version="1.0" encoding="UTF-8"?>
<!-- Generated by org.testng.reporters.JUnitReportReporter -->
<testsuite skipped="0" hostname="DESKTOP-JEV6767" name="com.cvs.qa.testcases.ContactLensesPageTest" tests="11" failures="0" timestamp="07 Mar 2019 07:49:13 GMT" time="148.971" errors="0">
  <testcase name="veriyContactLensesPageTitleTest" time="9.747" classname="com.cvs.qa.testcases.ContactLensesPageTest"/>
  <testcase name="verifyDropDownMenuContactLensBrandsTest" time="8.977" classname="com.cvs.qa.testcases.ContactLensesPageTest"/>
  <testcase name="verifyAcuvueDefine30PKTest" time="13.964" classname="com.cvs.qa.testcases.ContactLensesPageTest"/>
  <testcase name="verifyAcuvueDefine90PKTest" time="11.819" classname="com.cvs.qa.testcases.ContactLensesPageTest"/>
  <testcase name="veriyAirOptixBrandTest" time="12.404" classname="com.cvs.qa.testcases.ContactLensesPageTest"/>
  <testcase name="veriyAirOptixBrandMouseHoverTest" time="8.672" classname="com.cvs.qa.testcases.ContactLensesPageTest"/>
  <testcase name="veriyAcuvueElementListTest" time="44.834" classname="com.cvs.qa.testcases.ContactLensesPageTest"/>
  <testcase name="veriyAirOptixAquaElementListTest" time="8.998" classname="com.cvs.qa.testcases.ContactLensesPageTest"/>
  <testcase name="veriyAirOptixBrandLabelClickTest" time="9.215" classname="com.cvs.qa.testcases.ContactLensesPageTest"/>
  <testcase name="veriyLensTypeTest" time="10.075" classname="com.cvs.qa.testcases.ContactLensesPageTest"/>
  <testcase name="veriyLensTypeElementListTest" time="10.266" classname="com.cvs.qa.testcases.ContactLensesPageTest"/>
</testsuite> <!-- com.cvs.qa.testcases.ContactLensesPageTest -->
