<?xml version="1.0" encoding="UTF-8"?>
<!-- Generated by org.testng.reporters.JUnitReportReporter -->
<testsuite skipped="0" hostname="DESKTOP-JEV6767" name="com.cvs.qa.testcases.ExtraCareTest" tests="3" failures="0" timestamp="04 Jan 2019 08:18:14 GMT" time="38.500" errors="0">
  <testcase name="verifyExtraCarePageTitleTest" time="9.848" classname="com.cvs.qa.testcases.ExtraCareTest"/>
  <testcase name="verifyExtraCareSignInTest" time="16.109" classname="com.cvs.qa.testcases.ExtraCareTest"/>
  <testcase name="verifyExtraCareShoppingCartTest" time="12.543" classname="com.cvs.qa.testcases.ExtraCareTest"/>
</testsuite> <!-- com.cvs.qa.testcases.ExtraCareTest -->
