<?xml version="1.0" encoding="UTF-8"?>
<!-- Generated by org.testng.reporters.JUnitReportReporter -->
<testsuite skipped="2" hostname="DESKTOP-JEV6767" name="com.cvs.qa.testcases.MinuteClinicTest" tests="4" failures="0" timestamp="18 Oct 2018 07:49:52 GMT" time="135.131" errors="0">
  <testcase name="verifyZipCodeLocaterTest" time="31.965" classname="com.cvs.qa.testcases.MinuteClinicTest"/>
  <testcase name="verifyClinicLocatorPageTitleTest" time="31.163" classname="com.cvs.qa.testcases.MinuteClinicTest">
    <skipped/>
  </testcase> <!-- verifyClinicLocatorPageTitleTest -->
  <testcase name="verifyClinicLocatorPageTitleTest" time="37.627" classname="com.cvs.qa.testcases.MinuteClinicTest"/>
  <testcase name="verifyClinicLocatorPageTitleTest" time="34.376" classname="com.cvs.qa.testcases.MinuteClinicTest">
    <skipped/>
  </testcase> <!-- verifyClinicLocatorPageTitleTest -->
</testsuite> <!-- com.cvs.qa.testcases.MinuteClinicTest -->
