<?xml version="1.0" encoding="UTF-8"?>
<!-- Generated by org.testng.reporters.JUnitReportReporter -->
<testsuite skipped="0" hostname="DESKTOP-JEV6767" name="com.cvs.qa.testcases.ShopPageTest" tests="5" failures="0" timestamp="20 Jan 2019 16:36:56 GMT" time="53.853" errors="0">
  <testcase name="verifyShopPageTitleTest" time="12.984" classname="com.cvs.qa.testcases.ShopPageTest"/>
  <testcase name="verifyShopPageLinkTest" time="8.229" classname="com.cvs.qa.testcases.ShopPageTest"/>
  <testcase name="verifyClickonShopAllCategoriesTest" time="10.385" classname="com.cvs.qa.testcases.ShopPageTest"/>
  <testcase name="verifyClickonVitaminLink" time="11.629" classname="com.cvs.qa.testcases.ShopPageTest"/>
  <testcase name="verifyAddCSLW2CartTest" time="10.626" classname="com.cvs.qa.testcases.ShopPageTest"/>
</testsuite> <!-- com.cvs.qa.testcases.ShopPageTest -->
