<?xml version="1.0" encoding="UTF-8"?>
<!-- Generated by org.testng.reporters.JUnitReportReporter -->
<testsuite skipped="1" hostname="DESKTOP-JEV6767" name="com.cvs.qa.testcases.RegistrationTest" tests="3" failures="0" timestamp="04 Feb 2019 07:39:47 GMT" time="32.140" errors="0">
  <testcase name="verifyRegistrationPageTitle" time="9.428" classname="com.cvs.qa.testcases.RegistrationTest"/>
  <testcase name="registerCustomer" time="22.712" classname="com.cvs.qa.testcases.RegistrationTest"/>
  <testcase name="registerMultipleCustomer" time="0.000" classname="com.cvs.qa.testcases.RegistrationTest">
    <skipped/>
  </testcase> <!-- registerMultipleCustomer -->
</testsuite> <!-- com.cvs.qa.testcases.RegistrationTest -->
