<?xml version="1.0" encoding="UTF-8"?>
<!-- Generated by org.testng.reporters.JUnitReportReporter -->
<testsuite skipped="0" hostname="DESKTOP-JEV6767" name="com.cvs.qa.testcases.LogInTest" tests="8" failures="0" timestamp="20 Jan 2019 16:36:56 GMT" time="71.543" errors="0">
  <testcase name="verifyLogInExcelData" time="8.638" classname="com.cvs.qa.testcases.LogInTest"/>
  <testcase name="verifyLogInExcelData" time="9.795" classname="com.cvs.qa.testcases.LogInTest"/>
  <testcase name="verifyLogInExcelData" time="9.322" classname="com.cvs.qa.testcases.LogInTest"/>
  <testcase name="verifyLogInTest" time="10.427" classname="com.cvs.qa.testcases.LogInTest"/>
  <testcase name="verifyTopPanelLogInTestExcelDataTest" time="8.363" classname="com.cvs.qa.testcases.LogInTest"/>
  <testcase name="verifyTopPanelLogInTestExcelDataTest" time="8.179" classname="com.cvs.qa.testcases.LogInTest"/>
  <testcase name="verifyTopPanelLogInTestExcelDataTest" time="8.201" classname="com.cvs.qa.testcases.LogInTest"/>
  <testcase name="verifyTopPanelLogInTest" time="8.618" classname="com.cvs.qa.testcases.LogInTest"/>
</testsuite> <!-- com.cvs.qa.testcases.LogInTest -->
