<?xml version="1.0" encoding="UTF-8"?>
<!-- Generated by org.testng.reporters.JUnitReportReporter -->
<testsuite skipped="0" hostname="DESKTOP-JEV6767" name="com.cvs.qa.testcases.LogInTest" tests="8" failures="0" timestamp="13 Feb 2019 07:27:29 GMT" time="76.723" errors="0">
  <testcase name="verifyLogInExcelData" time="8.865" classname="com.cvs.qa.testcases.LogInTest"/>
  <testcase name="verifyLogInExcelData" time="9.690" classname="com.cvs.qa.testcases.LogInTest"/>
  <testcase name="verifyLogInExcelData" time="8.520" classname="com.cvs.qa.testcases.LogInTest"/>
  <testcase name="verifyLogInTest" time="8.859" classname="com.cvs.qa.testcases.LogInTest"/>
  <testcase name="verifyTopPanelLogInTestExcelDataTest" time="10.295" classname="com.cvs.qa.testcases.LogInTest"/>
  <testcase name="verifyTopPanelLogInTestExcelDataTest" time="10.114" classname="com.cvs.qa.testcases.LogInTest"/>
  <testcase name="verifyTopPanelLogInTestExcelDataTest" time="11.707" classname="com.cvs.qa.testcases.LogInTest"/>
  <testcase name="verifyTopPanelLogInTest" time="8.673" classname="com.cvs.qa.testcases.LogInTest"/>
</testsuite> <!-- com.cvs.qa.testcases.LogInTest -->
