<?xml version="1.0" encoding="UTF-8"?>
<!-- Generated by org.testng.reporters.JUnitReportReporter -->
<testsuite skipped="0" hostname="DESKTOP-JEV6767" name="com.cvs.qa.testcases.ContactLensesPageTest" tests="11" failures="0" timestamp="20 Jan 2019 16:36:56 GMT" time="132.291" errors="0">
  <testcase name="veriyContactLensesPageTitleTest" time="6.800" classname="com.cvs.qa.testcases.ContactLensesPageTest"/>
  <testcase name="verifyDropDownMenuContactLensBrandsTest" time="7.309" classname="com.cvs.qa.testcases.ContactLensesPageTest"/>
  <testcase name="verifyAcuvueDefine30PKTest" time="12.752" classname="com.cvs.qa.testcases.ContactLensesPageTest"/>
  <testcase name="verifyAcuvueDefine90PKTest" time="9.935" classname="com.cvs.qa.testcases.ContactLensesPageTest"/>
  <testcase name="veriyAirOptixBrandTest" time="8.587" classname="com.cvs.qa.testcases.ContactLensesPageTest"/>
  <testcase name="veriyAirOptixBrandMouseHoverTest" time="7.537" classname="com.cvs.qa.testcases.ContactLensesPageTest"/>
  <testcase name="veriyAcuvueElementListTest" time="46.008" classname="com.cvs.qa.testcases.ContactLensesPageTest"/>
  <testcase name="veriyAirOptixAquaElementListTest" time="7.743" classname="com.cvs.qa.testcases.ContactLensesPageTest"/>
  <testcase name="veriyAirOptixBrandLabelClickTest" time="8.165" classname="com.cvs.qa.testcases.ContactLensesPageTest"/>
  <testcase name="veriyLensTypeTest" time="8.179" classname="com.cvs.qa.testcases.ContactLensesPageTest"/>
  <testcase name="veriyLensTypeElementListTest" time="9.276" classname="com.cvs.qa.testcases.ContactLensesPageTest"/>
</testsuite> <!-- com.cvs.qa.testcases.ContactLensesPageTest -->
