<?xml version="1.0" encoding="UTF-8"?>
<!-- Generated by org.testng.reporters.JUnitReportReporter -->
<testsuite skipped="0" hostname="DESKTOP-JEV6767" name="com.cvs.qa.testcases.HomePageTest" tests="1" failures="0" timestamp="13 Oct 2018 14:01:28 GMT" time="9.751" errors="0">
  <testcase name="verifyHomePageTitleTest" time="9.751" classname="com.cvs.qa.testcases.HomePageTest"/>
</testsuite> <!-- com.cvs.qa.testcases.HomePageTest -->
