<?xml version="1.0" encoding="UTF-8"?>
<!-- Generated by org.testng.reporters.JUnitReportReporter -->
<testsuite skipped="0" hostname="DESKTOP-JEV6767" name="com.cvs.qa.testcases.HomePageTest" tests="11" failures="0" timestamp="04 Feb 2019 09:31:58 GMT" time="103.600" errors="0">
  <testcase name="verifyHomePageTitleTest" time="6.432" classname="com.cvs.qa.testcases.HomePageTest"/>
  <testcase name="verifyHomePageLogoTest" time="6.802" classname="com.cvs.qa.testcases.HomePageTest"/>
  <testcase name="verifySearchBoxTest" time="7.116" classname="com.cvs.qa.testcases.HomePageTest"/>
  <testcase name="verifyPharmacyLinkTest" time="10.055" classname="com.cvs.qa.testcases.HomePageTest"/>
  <testcase name="verifyMinuteClinicLinkTest" time="9.791" classname="com.cvs.qa.testcases.HomePageTest"/>
  <testcase name="verifyShopLinkTest" time="8.212" classname="com.cvs.qa.testcases.HomePageTest"/>
  <testcase name="verifyExtraCareLinkTest" time="7.943" classname="com.cvs.qa.testcases.HomePageTest"/>
  <testcase name="verifyContactLensesTest" time="8.171" classname="com.cvs.qa.testcases.HomePageTest"/>
  <testcase name="verifyPhotoLinkTest" time="10.810" classname="com.cvs.qa.testcases.HomePageTest"/>
  <testcase name="verifyStoreLocatorTest" time="14.561" classname="com.cvs.qa.testcases.HomePageTest"/>
  <testcase name="verifyStoreLocator24HrsStoreTest" time="13.707" classname="com.cvs.qa.testcases.HomePageTest"/>
</testsuite> <!-- com.cvs.qa.testcases.HomePageTest -->
