<?xml version="1.0" encoding="UTF-8"?>
<!-- Generated by org.testng.reporters.JUnitReportReporter -->
<testsuite skipped="2" hostname="DESKTOP-JEV6767" name="com.cvs.qa.testcases.LogInTest" tests="4" failures="0" timestamp="19 Feb 2019 08:11:57 GMT" time="23.189" errors="0">
  <testcase name="verifyLogInExcelData" time="8.919" classname="com.cvs.qa.testcases.LogInTest">
    <skipped/>
  </testcase> <!-- verifyLogInExcelData -->
  <testcase name="verifyLogInTest" time="10.822" classname="com.cvs.qa.testcases.LogInTest"/>
  <testcase name="verifyTopPanelLogInTestExcelDataTest" time="0.000" classname="com.cvs.qa.testcases.LogInTest">
    <skipped/>
  </testcase> <!-- verifyTopPanelLogInTestExcelDataTest -->
  <testcase name="verifyTopPanelLogInTest" time="3.448" classname="com.cvs.qa.testcases.LogInTest"/>
</testsuite> <!-- com.cvs.qa.testcases.LogInTest -->
