<?xml version="1.0" encoding="UTF-8"?>
<!-- Generated by org.testng.reporters.JUnitReportReporter -->
<testsuite skipped="1" hostname="DESKTOP-JEV6767" name="com.cvs.qa.testcases.RegistrationTest" tests="3" failures="0" timestamp="19 Feb 2019 08:11:57 GMT" time="31.964" errors="0">
  <testcase name="verifyRegistrationPageTitle" time="9.314" classname="com.cvs.qa.testcases.RegistrationTest"/>
  <testcase name="registerCustomer" time="22.650" classname="com.cvs.qa.testcases.RegistrationTest"/>
  <testcase name="registerMultipleCustomer" time="0.000" classname="com.cvs.qa.testcases.RegistrationTest">
    <skipped/>
  </testcase> <!-- registerMultipleCustomer -->
</testsuite> <!-- com.cvs.qa.testcases.RegistrationTest -->
