<?xml version="1.0" encoding="UTF-8"?>
<!-- Generated by org.testng.reporters.JUnitReportReporter -->
<testsuite skipped="0" hostname="DESKTOP-JEV6767" name="com.cvs.qa.testcases.MinuteClinicTest" tests="1" failures="0" timestamp="13 Oct 2018 14:01:28 GMT" time="29.764" errors="0">
  <testcase name="verifyMinuteClinicPageTitleTest" time="29.764" classname="com.cvs.qa.testcases.MinuteClinicTest"/>
</testsuite> <!-- com.cvs.qa.testcases.MinuteClinicTest -->
