<?xml version="1.0" encoding="UTF-8"?>
<!-- Generated by org.testng.reporters.JUnitReportReporter -->
<testsuite skipped="3" hostname="DESKTOP-JEV6767" name="com.cvs.qa.testcases.PharmacyTest" tests="4" failures="0" timestamp="14 Nov 2018 09:33:46 GMT" time="93.505" errors="0">
  <testcase name="verifyTransferingRX2CVS" time="27.128" classname="com.cvs.qa.testcases.PharmacyTest">
    <skipped/>
  </testcase> <!-- verifyTransferingRX2CVS -->
  <testcase name="verifyTransferingRX2CVS" time="11.314" classname="com.cvs.qa.testcases.PharmacyTest"/>
  <testcase name="verifyTransferingRX2CVS" time="27.723" classname="com.cvs.qa.testcases.PharmacyTest">
    <skipped/>
  </testcase> <!-- verifyTransferingRX2CVS -->
  <testcase name="verifyTransferingRX2CVS" time="27.340" classname="com.cvs.qa.testcases.PharmacyTest">
    <skipped/>
  </testcase> <!-- verifyTransferingRX2CVS -->
</testsuite> <!-- com.cvs.qa.testcases.PharmacyTest -->
