<?xml version="1.0" encoding="UTF-8"?>
<!-- Generated by org.testng.reporters.JUnitReportReporter -->
<testsuite skipped="0" hostname="DESKTOP-JEV6767" name="com.cvs.qa.testcases.HomePageTest" tests="11" failures="0" timestamp="19 Feb 2019 08:11:57 GMT" time="110.396" errors="0">
  <testcase name="verifyHomePageTitleTest" time="7.545" classname="com.cvs.qa.testcases.HomePageTest"/>
  <testcase name="verifyHomePageLogoTest" time="6.782" classname="com.cvs.qa.testcases.HomePageTest"/>
  <testcase name="verifySearchBoxTest" time="7.377" classname="com.cvs.qa.testcases.HomePageTest"/>
  <testcase name="verifyPharmacyLinkTest" time="9.620" classname="com.cvs.qa.testcases.HomePageTest"/>
  <testcase name="verifyMinuteClinicLinkTest" time="11.623" classname="com.cvs.qa.testcases.HomePageTest"/>
  <testcase name="verifyShopLinkTest" time="8.739" classname="com.cvs.qa.testcases.HomePageTest"/>
  <testcase name="verifyExtraCareLinkTest" time="8.062" classname="com.cvs.qa.testcases.HomePageTest"/>
  <testcase name="verifyContactLensesTest" time="8.970" classname="com.cvs.qa.testcases.HomePageTest"/>
  <testcase name="verifyPhotoLinkTest" time="11.460" classname="com.cvs.qa.testcases.HomePageTest"/>
  <testcase name="verifyStoreLocatorTest" time="14.933" classname="com.cvs.qa.testcases.HomePageTest"/>
  <testcase name="verifyStoreLocator24HrsStoreTest" time="15.285" classname="com.cvs.qa.testcases.HomePageTest"/>
</testsuite> <!-- com.cvs.qa.testcases.HomePageTest -->
